0 info it worked if it ends with ok
1 verbose cli [ '/usr/bin/node', '/usr/bin/npm', 'install', 'david', '-g' ]
2 info using npm@1.4.28
3 info using node@v0.10.36
4 verbose node symlink /usr/bin/node
5 verbose cache add [ 'david', null ]
6 verbose cache add name=undefined spec="david" args=["david",null]
7 verbose parsed url { protocol: null,
7 verbose parsed url   slashes: null,
7 verbose parsed url   auth: null,
7 verbose parsed url   host: null,
7 verbose parsed url   port: null,
7 verbose parsed url   hostname: null,
7 verbose parsed url   hash: null,
7 verbose parsed url   search: null,
7 verbose parsed url   query: null,
7 verbose parsed url   pathname: 'david',
7 verbose parsed url   path: 'david',
7 verbose parsed url   href: 'david' }
8 silly lockFile aa743a0a-david david
9 verbose lock david /home/patrick/.npm/aa743a0a-david.lock
10 silly lockFile aa743a0a-david david
11 silly lockFile aa743a0a-david david
12 verbose addNamed [ 'david', '' ]
13 verbose addNamed [ null, '*' ]
14 silly lockFile f1664647-david david@
15 verbose lock david@ /home/patrick/.npm/f1664647-david.lock
16 silly addNameRange { name: 'david', range: '*', hasData: false }
17 verbose request where is /david
18 verbose request registry https://registry.npmjs.org/
19 verbose request id ff89198b5d8fa74b
20 verbose url raw /david
21 verbose url resolving [ 'https://registry.npmjs.org/', './david' ]
22 verbose url resolved https://registry.npmjs.org/david
23 verbose request where is https://registry.npmjs.org/david
24 info trying registry request attempt 1 at 12:48:21
25 http GET https://registry.npmjs.org/david
26 http 200 https://registry.npmjs.org/david
27 silly registry.get cb [ 200,
27 silly registry.get   { date: 'Mon, 02 Feb 2015 11:48:23 GMT',
27 silly registry.get     server: 'CouchDB/1.5.0 (Erlang OTP/R16B03)',
27 silly registry.get     etag: '"DC825M5BRNAWXY4N0FQ8EX38E"',
27 silly registry.get     'content-type': 'application/json',
27 silly registry.get     'cache-control': 'max-age=60',
27 silly registry.get     'content-length': '61428',
27 silly registry.get     'accept-ranges': 'bytes',
27 silly registry.get     via: '1.1 varnish',
27 silly registry.get     age: '1',
27 silly registry.get     'x-served-by': 'cache-ams4129-AMS',
27 silly registry.get     'x-cache': 'MISS',
27 silly registry.get     'x-cache-hits': '0',
27 silly registry.get     'x-timer': 'S1422877701.955348,VS0,VE1442',
27 silly registry.get     vary: 'Accept',
27 silly registry.get     'keep-alive': 'timeout=10, max=50',
27 silly registry.get     connection: 'Keep-Alive' } ]
28 silly addNameRange number 2 { name: 'david', range: '*', hasData: true }
29 silly addNameRange versions [ 'david',
29 silly addNameRange   [ '0.0.1',
29 silly addNameRange     '0.0.2',
29 silly addNameRange     '0.0.3',
29 silly addNameRange     '1.0.0',
29 silly addNameRange     '1.1.0',
29 silly addNameRange     '1.1.1',
29 silly addNameRange     '1.1.2',
29 silly addNameRange     '1.2.0',
29 silly addNameRange     '1.2.1',
29 silly addNameRange     '1.3.0',
29 silly addNameRange     '1.4.0',
29 silly addNameRange     '1.4.1',
29 silly addNameRange     '1.5.0',
29 silly addNameRange     '1.6.0',
29 silly addNameRange     '1.6.1',
29 silly addNameRange     '1.7.0',
29 silly addNameRange     '1.7.1',
29 silly addNameRange     '1.7.2',
29 silly addNameRange     '1.7.3',
29 silly addNameRange     '1.8.0',
29 silly addNameRange     '1.8.1',
29 silly addNameRange     '1.9.0',
29 silly addNameRange     '1.9.1',
29 silly addNameRange     '2.0.0',
29 silly addNameRange     '2.1.0',
29 silly addNameRange     '2.1.1',
29 silly addNameRange     '2.1.2',
29 silly addNameRange     '2.1.3',
29 silly addNameRange     '2.2.0',
29 silly addNameRange     '2.3.0',
29 silly addNameRange     '2.3.1',
29 silly addNameRange     '2.4.0',
29 silly addNameRange     '2.4.1',
29 silly addNameRange     '3.0.0',
29 silly addNameRange     '3.1.0',
29 silly addNameRange     '3.2.0',
29 silly addNameRange     '3.3.0',
29 silly addNameRange     '3.3.1',
29 silly addNameRange     '4.0.0',
29 silly addNameRange     '4.1.0',
29 silly addNameRange     '5.0.0',
29 silly addNameRange     '6.0.1',
29 silly addNameRange     '6.0.2',
29 silly addNameRange     '6.1.0',
29 silly addNameRange     '6.1.1',
29 silly addNameRange     '6.1.2',
29 silly addNameRange     '6.1.3' ] ]
30 verbose addNamed [ 'david', '6.1.3' ]
31 verbose addNamed [ '6.1.3', '6.1.3' ]
32 silly lockFile 1c802d01-david-6-1-3 david@6.1.3
33 verbose lock david@6.1.3 /home/patrick/.npm/1c802d01-david-6-1-3.lock
34 silly lockFile e719e544--npmjs-org-david-david-6-1-3-tgz https://registry.npmjs.org/david/-/david-6.1.3.tgz
35 verbose lock https://registry.npmjs.org/david/-/david-6.1.3.tgz /home/patrick/.npm/e719e544--npmjs-org-david-david-6-1-3-tgz.lock
36 verbose addRemoteTarball [ 'https://registry.npmjs.org/david/-/david-6.1.3.tgz',
36 verbose addRemoteTarball   'ba715bfaff3e14b3f2e3ac89e06302abc76ff1aa' ]
37 info retry fetch attempt 1 at 12:48:23
38 verbose fetch to= /tmp/npm-11235-kkWzqvXZ/registry.npmjs.org/david/-/david-6.1.3.tgz
39 http GET https://registry.npmjs.org/david/-/david-6.1.3.tgz
40 http 200 https://registry.npmjs.org/david/-/david-6.1.3.tgz
41 silly lockFile e719e544--npmjs-org-david-david-6-1-3-tgz https://registry.npmjs.org/david/-/david-6.1.3.tgz
42 silly lockFile e719e544--npmjs-org-david-david-6-1-3-tgz https://registry.npmjs.org/david/-/david-6.1.3.tgz
43 silly lockFile 1c802d01-david-6-1-3 david@6.1.3
44 silly lockFile 1c802d01-david-6-1-3 david@6.1.3
45 silly lockFile f1664647-david david@
46 silly lockFile f1664647-david david@
47 silly resolved [ { name: 'david',
47 silly resolved     version: '6.1.3',
47 silly resolved     description: 'Node.js module that tells you when your project npm dependencies are out of date.',
47 silly resolved     main: 'lib/david.js',
47 silly resolved     repository: { type: 'git', url: 'git://github.com/alanshaw/david.git' },
47 silly resolved     bugs: { url: 'https://github.com/alanshaw/david/issues' },
47 silly resolved     author: { name: 'Alan Shaw' },
47 silly resolved     bin: { david: 'bin/david.js' },
47 silly resolved     scripts:
47 silly resolved      { test: 'jshint . && node bin/david && istanbul cover node_modules/.bin/tape test/*.js',
47 silly resolved        coveralls: 'cat ./coverage/lcov.info | coveralls',
47 silly resolved        lint: 'jshint .' },
47 silly resolved     license: 'MIT',
47 silly resolved     files: [ 'bin', 'lib', 'LICENCE' ],
47 silly resolved     dependencies:
47 silly resolved      { async: '^0.9.0',
47 silly resolved        'cli-color-tty': '^1.0.1',
47 silly resolved        'cli-table': '^0.3.1',
47 silly resolved        minimist: '^1.1.0',
47 silly resolved        npm: '^2.3.0',
47 silly resolved        semver: '^4.0.0',
47 silly resolved        xtend: '^4.0.0' },
47 silly resolved     devDependencies:
47 silly resolved      { coveralls: '^2.10.0',
47 silly resolved        istanbul: '^0.3.5',
47 silly resolved        jshint: '^2.5.1',
47 silly resolved        rewire: '^2.1.0',
47 silly resolved        rimraf: '~2.2.2',
47 silly resolved        tape: '^3.0.3' },
47 silly resolved     engines: { node: '~0.10.1 || ~0.11.0' },
47 silly resolved     gitHead: '6486fa0dd71e8b91f5acaf22efda338c5d3f1a53',
47 silly resolved     homepage: 'https://github.com/alanshaw/david',
47 silly resolved     _id: 'david@6.1.3',
47 silly resolved     _shasum: 'ba715bfaff3e14b3f2e3ac89e06302abc76ff1aa',
47 silly resolved     _from: 'david@',
47 silly resolved     _npmVersion: '2.3.0',
47 silly resolved     _nodeVersion: '0.10.35',
47 silly resolved     _npmUser: { name: 'alanshaw', email: 'alan138@gmail.com' },
47 silly resolved     maintainers: [ [Object] ],
47 silly resolved     dist:
47 silly resolved      { shasum: 'ba715bfaff3e14b3f2e3ac89e06302abc76ff1aa',
47 silly resolved        tarball: 'http://registry.npmjs.org/david/-/david-6.1.3.tgz' },
47 silly resolved     directories: {},
47 silly resolved     _resolved: 'https://registry.npmjs.org/david/-/david-6.1.3.tgz' } ]
48 info install david@6.1.3 into /usr/lib
49 info installOne david@6.1.3
50 verbose lib/node_modules/david unbuild
51 verbose tar unpack /home/patrick/.npm/david/6.1.3/package.tgz
52 silly lockFile 97d1daec-tar-usr-lib-node-modules-david tar:///usr/lib/node_modules/david
53 verbose lock tar:///usr/lib/node_modules/david /home/patrick/.npm/97d1daec-tar-usr-lib-node-modules-david.lock
54 silly lockFile 485d3ebc-rick-npm-david-6-1-3-package-tgz tar:///home/patrick/.npm/david/6.1.3/package.tgz
55 verbose lock tar:///home/patrick/.npm/david/6.1.3/package.tgz /home/patrick/.npm/485d3ebc-rick-npm-david-6-1-3-package-tgz.lock
56 silly gunzTarPerm modes [ '775', '664' ]
57 error Error: EACCES, mkdir '/usr/lib/node_modules/david'
57 error  { [Error: EACCES, mkdir '/usr/lib/node_modules/david']
57 error   errno: 3,
57 error   code: 'EACCES',
57 error   path: '/usr/lib/node_modules/david',
57 error   fstream_type: 'Directory',
57 error   fstream_path: '/usr/lib/node_modules/david',
57 error   fstream_class: 'DirWriter',
57 error   fstream_stack:
57 error    [ '/usr/lib/node_modules/npm/node_modules/fstream/lib/dir-writer.js:36:23',
57 error      '/usr/lib/node_modules/npm/node_modules/mkdirp/index.js:46:53',
57 error      'Object.oncomplete (fs.js:108:15)' ] }
58 error Please try running this command again as root/Administrator.
59 error System Linux 3.13.0-45-generic
60 error command "/usr/bin/node" "/usr/bin/npm" "install" "david" "-g"
61 error cwd /home/patrick/code/PattyVis
62 error node -v v0.10.36
63 error npm -v 1.4.28
64 error path /usr/lib/node_modules/david
65 error fstream_path /usr/lib/node_modules/david
66 error fstream_type Directory
67 error fstream_class DirWriter
68 error code EACCES
69 error errno 3
70 error stack Error: EACCES, mkdir '/usr/lib/node_modules/david'
71 error fstream_stack /usr/lib/node_modules/npm/node_modules/fstream/lib/dir-writer.js:36:23
71 error fstream_stack /usr/lib/node_modules/npm/node_modules/mkdirp/index.js:46:53
71 error fstream_stack Object.oncomplete (fs.js:108:15)
72 verbose exit [ 3, true ]
